[debug] [2023-05-25T18:26:34.598Z] ----------------------------------------------------------------------
[debug] [2023-05-25T18:26:34.599Z] Command:       /Users/newdawg/.nvm/versions/node/v16.13.2/bin/node /Users/newdawg/.nvm/versions/node/v16.13.2/bin/firebase deploy --only hosting
[debug] [2023-05-25T18:26:34.600Z] CLI Version:   12.1.0
[debug] [2023-05-25T18:26:34.600Z] Platform:      darwin
[debug] [2023-05-25T18:26:34.600Z] Node Version:  v16.13.2
[debug] [2023-05-25T18:26:34.601Z] Time:          Thu May 25 2023 11:26:34 GMT-0700 (Pacific Daylight Time)
[debug] [2023-05-25T18:26:34.601Z] ----------------------------------------------------------------------
[debug] 
[debug] [2023-05-25T18:26:34.630Z] Object ".hosting" in "firebase.json" has unknown property: {"additionalProperty":"hosting"}
[debug] [2023-05-25T18:26:34.631Z] Field ".hosting" in "firebase.json" is possibly invalid: should be array
[debug] [2023-05-25T18:26:34.631Z] Field ".hosting" in "firebase.json" is possibly invalid: should match some schema in anyOf
[debug] [2023-05-25T18:26:34.633Z] > command requires scopes: ["email","openid","https://www.googleapis.com/auth/cloudplatformprojects.readonly","https://www.googleapis.com/auth/firebase","https://www.googleapis.com/auth/cloud-platform"]
[debug] [2023-05-25T18:26:34.633Z] > authorizing via signed-in user (njwright92@gmail.com)
[debug] [2023-05-25T18:26:34.633Z] [iam] checking project nativetracker-382720 for permissions ["firebase.projects.get","firebasehosting.sites.update"]
[debug] [2023-05-25T18:26:34.634Z] > refreshing access token with scopes: []
[debug] [2023-05-25T18:26:34.635Z] >>> [apiv2][query] POST https://www.googleapis.com/oauth2/v3/token [none]
[debug] [2023-05-25T18:26:34.635Z] >>> [apiv2][body] POST https://www.googleapis.com/oauth2/v3/token [omitted]
[debug] [2023-05-25T18:26:35.253Z] <<< [apiv2][status] POST https://www.googleapis.com/oauth2/v3/token 200
[debug] [2023-05-25T18:26:35.254Z] <<< [apiv2][body] POST https://www.googleapis.com/oauth2/v3/token [omitted]
[debug] [2023-05-25T18:26:35.268Z] >>> [apiv2][query] POST https://cloudresourcemanager.googleapis.com/v1/projects/nativetracker-382720:testIamPermissions [none]
[debug] [2023-05-25T18:26:35.268Z] >>> [apiv2][(partial)header] POST https://cloudresourcemanager.googleapis.com/v1/projects/nativetracker-382720:testIamPermissions x-goog-quota-user=projects/nativetracker-382720
[debug] [2023-05-25T18:26:35.268Z] >>> [apiv2][body] POST https://cloudresourcemanager.googleapis.com/v1/projects/nativetracker-382720:testIamPermissions {"permissions":["firebase.projects.get","firebasehosting.sites.update"]}
[debug] [2023-05-25T18:26:35.966Z] <<< [apiv2][status] POST https://cloudresourcemanager.googleapis.com/v1/projects/nativetracker-382720:testIamPermissions 200
[debug] [2023-05-25T18:26:35.966Z] <<< [apiv2][body] POST https://cloudresourcemanager.googleapis.com/v1/projects/nativetracker-382720:testIamPermissions {"permissions":["firebase.projects.get","firebasehosting.sites.update"]}
[debug] [2023-05-25T18:26:35.968Z] >>> [apiv2][query] GET https://firebase.googleapis.com/v1beta1/projects/nativetracker-382720 [none]
[debug] [2023-05-25T18:26:36.580Z] <<< [apiv2][status] GET https://firebase.googleapis.com/v1beta1/projects/nativetracker-382720 200
[debug] [2023-05-25T18:26:36.581Z] <<< [apiv2][body] GET https://firebase.googleapis.com/v1beta1/projects/nativetracker-382720 {"projectId":"nativetracker-382720","projectNumber":"366870860977","displayName":"NativeTracker","name":"projects/nativetracker-382720","resources":{"hostingSite":"nativetracker-382720","realtimeDatabaseInstance":"nativetracker-382720-default-rtdb","storageBucket":"nativetracker-382720.appspot.com","locationId":"us-central"},"state":"ACTIVE","etag":"1_ac46e7d0-8727-4783-ac26-7252438131e8"}
[info] 
[info] === Deploying to 'nativetracker-382720'...
[info] 
[info] i  deploying hosting 
[debug] [2023-05-25T18:26:36.589Z] >>> [apiv2][query] POST https://firebasehosting.googleapis.com/v1beta1/projects/-/sites/nativetracker-382720/versions [none]
[debug] [2023-05-25T18:26:36.589Z] >>> [apiv2][body] POST https://firebasehosting.googleapis.com/v1beta1/projects/-/sites/nativetracker-382720/versions {"status":"CREATED","labels":{"deployment-tool":"cli-firebase"}}
[debug] [2023-05-25T18:26:37.678Z] <<< [apiv2][status] POST https://firebasehosting.googleapis.com/v1beta1/projects/-/sites/nativetracker-382720/versions 200
[debug] [2023-05-25T18:26:37.678Z] <<< [apiv2][body] POST https://firebasehosting.googleapis.com/v1beta1/projects/-/sites/nativetracker-382720/versions {"name":"projects/366870860977/sites/nativetracker-382720/versions/5e651052f1fedde9","status":"CREATED","config":{},"labels":{"deployment-tool":"cli-firebase"}}
[info] i  hosting[nativetracker-382720]: beginning deploy... 
[info] i  hosting[nativetracker-382720]: found 50 files in web-build 
[debug] [2023-05-25T18:26:37.695Z] [hosting] uploading with 200 concurrency
[debug] [2023-05-25T18:26:38.519Z] [hosting] hash cache [d2ViLWJ1aWxk] stored for 50 files
[debug] [2023-05-25T18:26:38.519Z] [hosting][hash queue][FINAL] {"max":814,"min":35,"avg":94.86,"active":0,"complete":50,"success":50,"errored":0,"retried":0,"total":50,"elapsed":821}
[debug] [2023-05-25T18:26:38.519Z] >>> [apiv2][query] POST https://firebasehosting.googleapis.com/v1beta1/projects/366870860977/sites/nativetracker-382720/versions/5e651052f1fedde9:populateFiles [none]
[debug] [2023-05-25T18:26:38.519Z] >>> [apiv2][body] POST https://firebasehosting.googleapis.com/v1beta1/projects/366870860977/sites/nativetracker-382720/versions/5e651052f1fedde9:populateFiles {"files":{"/asset-manifest.json":"290471136a87de71b2f94cfd137ce31073826749a5497e9100a90684c2869172","/favicon-32.png":"1f1b5f22b1207beba8dfcf03baa3f7712ec1614c6debd119bb2045012c3bad6c","/favicon-16.png":"3741fc9dde3b10fa0ab0a6b78a8e26b97cc5ce86ba30dab4ce0e1875ae8c11fa","/manifest.json":"0a3f2577124264ac54053353b1169422e3410adf62f1ac70a7e15d3e0b202af4","/serve.json":"d8b2eb3c4a28a9632997f5e7514b684d7184401c33dea0b7ca133279bb78ce77","/index.html":"9e7c3a32e1ec30402f75f31441392a9f7e91ca708addb3a1ef946865d3b6c52c","/favicon.ico":"7981915c4b94da30997a57587b2871857e9b9f1250e8db2428c95c84d1caab71","/static/js/241.45ab08a0.js.LICENSE.txt":"0cf56f5d4f53f078833ea47fe13e8b10945e75a80e60dee721f305b43963d71b","/static/js/main.e24d8674.js":"40e409b830b2c6add74f3eb52e6d3719fc9acd1afbe5ea5ddabc44ca5c8d3b72","/static/media/EvilIcons.699664b33ac2837d5bee.ttf":"ee74313709d249fba9926b5b3468481055c2270a5dbea76f812dd2b4a97575ea","/static/media/FontAwesome5_Regular.1017bce89c72f95bcf8e.ttf":"77f81152d0bfbf039a6cb2fe6bbb0f933ee2083c1dad85a11eda590871bcf889","/static/media/bell.cf04af27d6a651c4b904.png":"58ad0cac2c08a602c18bd6f9ed4923e3225001b874711fe09bab8c5f5851c297","/static/media/exChart.faaa8dd706c97737c5ff.png":"cec34a0a92a41ba5071e0ed4ecb677c415e521cf3ffa9d155cb1bb066aa60183","/static/media/heart.23b5c2c0eb77d50ff1b4.png":"f9ad6fa4cb49cdb9bc5d4dbc8015004493632cd7591cdeaae92649e7795f9cae","/static/media/google.8723481b39b0ad0b0f24.png":"a8e729904e16478d1391c5b9afb1ab19159d0ac9b17e750398444557143ab59e","/static/media/rocket.d2f3bf41d5e4515c39a9.png":"91fd149552fc2197a4884ed9a244c1da7f9ff4e002e713a78c74a29d4374cf0f","/static/media/star.69c7138684828d68fe5a.png":"b5ed7f5d7eed0b602d8576083e9df84ccf267d0386817e2454863bffeabcb29d","/pwa/apple-touch-icon/apple-touch-icon-180.png":"8f03ffef38bbca3bdc67740bf7e0c9ae255154502dde15e9ad0ae7c68f4c3cb1","/static/media/Feather.0f5d9cede2e831f3fc80.ttf":"925b0da6158e3fcebd8bc6a59a97548afdaf8545a3636399925897eea4436ff3","/static/media/Zocial.07fea2ac49bcc67d9a6b.ttf":"ff35d1e472a1453735a01d2e03c45f7914b01c3dc5f1a82a980ab64bd8c57ea9","/static/media/chart.aced667cff6c9901ec2c.png":"89b9dfff1289f9f9ffeee33854af5c3dec0aa2a2f08b3420b15b0da400cbc820","/static/media/Octicons.6b742a230954dc640ba2.ttf":"d0aa926b3011447ad00b9c737bc08a7ed1f0e2124514e59a001f424245159d07","/static/media/exlist.b67163070686ec1f4463.png":"4d37a92a03e96233375be6ed443d51338abcb8e4c45643c103ac9e9c76b0f442","/static/media/Foundation.c0cbb004854f9c746f89.ttf":"c467b886c9d0019dd7c0b82d1708781563cb89d998b23aa17ca90da41085f2d1","/static/media/SimpleLineIcons.3ec13a24af3fdda11107.ttf":"0008e9d91744a13909a740ae365d32d55027514b357e0c0890164cfc00959cfa","/static/media/AntDesign.163adab9dbd7cb1ed12a.ttf":"3511d5655ede3265d5d3665d10d468ab3e0392dc44af3b6fa0dc69a3e942f093","/static/media/Entypo.fc6169344c041cffcdae.ttf":"c483e339381ca1240eb6aaa96080b90d590d6fa03c0ff4bb4ddc9c2347ce3334","/static/js/main.e24d8674.js.map":"5bf29bee4b1872d2bb9fec3916a80f8a769f698ef30b44fdfbaf8d85f5fba24d","/static/media/FontAwesome.1e59d2330b4c6deb84b3.ttf":"225dc03087123b26cb71296d418705ec2e89e826acd04bfe6fc6353a0f5220c8","/static/media/FontAwesome5_Brands.9e138496e8f1719c6ebf.ttf":"c2d4c07ee002df6a7486a4b6c596efb9b1fbd9142c6891208d9141063c7cf539","/static/media/block.599e43ab629469c65f08.jpg":"57ba835c27c2a8393e18806554355c38df338cb256d1ad7e7347f66c5ef9ea92","/static/media/FontAwesome5_Solid.07c3313b24f7b1ca85ee.ttf":"129f66735be883f6628766a200558ab667cff67034f6d1486bc7118f7163db3f","/pwa/apple-touch-startup-image/apple-touch-startup-image-640x1136.png":"4a40b4a7546681a372fc157c375062bc2fb9e6dca0b3a7370541cb9d88602871","/static/media/MaterialIcons.120b4c7bbd155bd0a04d.ttf":"6ec4b847b9775f7279bb809724ba963b457a9ee8095c098388cd9d1ce821ee93","/static/media/Ionicons.3517aeaa34b2f8cd8eef.ttf":"a13e6b17b62197439b140736fb54130b168f043435c7e41dd8a9f15982234b19","/pwa/apple-touch-startup-image/apple-touch-startup-image-750x1334.png":"710b7b71e78a4c2aab55b59c4f91146c4ece4c1eff8c9ea69fafbe766fb9ba86","/pwa/apple-touch-startup-image/apple-touch-startup-image-828x1792.png":"a14bfa3492867c5604c606fcbdf3b136a2d894c8dfa0a5eebd8d540cec75ed41","/static/media/Fontisto.c0edd68811e0237502fe.ttf":"51605e8f1ccb777d3e0ebd10b6e142c99652d6de911aaf103c7d4e7e45295025","/pwa/apple-touch-startup-image/apple-touch-startup-image-1125x2436.png":"8962ad690c1868edce4c1bd71ddec1fe29c92bc20f0b3cc888f8db84f7f24f4d","/static/media/items6.1fab6be39e573f0f98e8.jpg":"f51021fd5a788890a0a29a5e7540c37a200d77d555402825c4f96d6868b77f0f","/static/media/entries3.9e2b5a29ede5194a95ad.jpg":"c57e93e2eb68c622503b0c509664af5938232786ffba86b7b1c9ed3d322fcda8","/pwa/apple-touch-startup-image/apple-touch-startup-image-1242x2208.png":"22658acc81412f319de48e5b513ea888391013cac78ab920f03b73d87768f7ca","/pwa/apple-touch-startup-image/apple-touch-startup-image-1242x2688.png":"a0134b53550de6ce3be5874c23f1b6765837e96f45a77bd5837478a4b573e535","/pwa/apple-touch-startup-image/apple-touch-startup-image-1536x2048.png":"56cd9834725f89b11f8ac35ba570d846cd1db76f3937f00481c670463a2f1a4b","/pwa/apple-touch-startup-image/apple-touch-startup-image-1668x2388.png":"3897a6854b67d7434b14fb0459b58891392095c49efa0030491cc472f0b77e9e","/pwa/apple-touch-startup-image/apple-touch-startup-image-1668x2224.png":"b98df73ac9fbf6d1f38b6b1c188aa71b65a51d2e27fba8958210046d9c15148f","/static/media/MaterialCommunityIcons.5d42b4e60858731e7b65.ttf":"1879c3fb53ae114c4573b99104a631e992e57e8bda1d213b93fd461b1e437a59","/pwa/apple-touch-startup-image/apple-touch-startup-image-2048x2732.png":"fa9f87d71e59aee371baed0e26b8d61206f84ac0cf726fa725534c6f15afeca9","/static/js/241.45ab08a0.js":"d6519dcf4ce1621c5ca7387733a7752b06c9546f1ec94f41608d6aa3ac5a1c80","/static/js/241.45ab08a0.js.map":"d8d62a65e7d8eb9d1e47e6106ee0b6c420a7cbdc52acf2dfcd65574a8419682d"}}
